01:33:57 **** Incremental Build of configuration Debug for project temp ****
make -j8 all 
arm-none-eabi-gcc "../STM32_WPAN/App/app_ble.c" -mcpu=cortex-m4 -std=gnu11 -g3 -DDEBUG -DUSE_HAL_DRIVER -DSTM32WB55xx -c -I../Core/Inc -I../Drivers/STM32WBxx_HAL_Driver/Inc -I../Drivers/STM32WBxx_HAL_Driver/Inc/Legacy -I../Drivers/CMSIS/Device/ST/STM32WBxx/Include -I../Drivers/CMSIS/Include -I../STM32_WPAN/App -I../Utilities/lpm/tiny_lpm -I../Middlewares/ST/STM32_WPAN -I../Middlewares/ST/STM32_WPAN/interface/patterns/ble_thread -I../Middlewares/ST/STM32_WPAN/interface/patterns/ble_thread/tl -I../Middlewares/ST/STM32_WPAN/interface/patterns/ble_thread/shci -I../Middlewares/ST/STM32_WPAN/utilities -I../Middlewares/ST/STM32_WPAN/ble/core -I../Middlewares/ST/STM32_WPAN/ble/core/auto -I../Middlewares/ST/STM32_WPAN/ble/core/template -I../Middlewares/ST/STM32_WPAN/ble/svc/Inc -I../Middlewares/ST/STM32_WPAN/ble/svc/Src -I../Utilities/sequencer -I../Middlewares/ST/STM32_WPAN/ble -O0 -ffunction-sections -fdata-sections -Wall -fstack-usage -MMD -MP -MF"STM32_WPAN/App/app_ble.d" -MT"STM32_WPAN/App/app_ble.o" --specs=nano.specs -mfpu=fpv4-sp-d16 -mfloat-abi=hard -mthumb -o "STM32_WPAN/App/app_ble.o"
arm-none-eabi-gcc "../Core/Src/main.c" -mcpu=cortex-m4 -std=gnu11 -g3 -DDEBUG -DUSE_HAL_DRIVER -DSTM32WB55xx -c -I../Core/Inc -I../Drivers/STM32WBxx_HAL_Driver/Inc -I../Drivers/STM32WBxx_HAL_Driver/Inc/Legacy -I../Drivers/CMSIS/Device/ST/STM32WBxx/Include -I../Drivers/CMSIS/Include -I../STM32_WPAN/App -I../Utilities/lpm/tiny_lpm -I../Middlewares/ST/STM32_WPAN -I../Middlewares/ST/STM32_WPAN/interface/patterns/ble_thread -I../Middlewares/ST/STM32_WPAN/interface/patterns/ble_thread/tl -I../Middlewares/ST/STM32_WPAN/interface/patterns/ble_thread/shci -I../Middlewares/ST/STM32_WPAN/utilities -I../Middlewares/ST/STM32_WPAN/ble/core -I../Middlewares/ST/STM32_WPAN/ble/core/auto -I../Middlewares/ST/STM32_WPAN/ble/core/template -I../Middlewares/ST/STM32_WPAN/ble/svc/Inc -I../Middlewares/ST/STM32_WPAN/ble/svc/Src -I../Utilities/sequencer -I../Middlewares/ST/STM32_WPAN/ble -O0 -ffunction-sections -fdata-sections -Wall -fstack-usage -MMD -MP -MF"Core/Src/main.d" -MT"Core/Src/main.o" --specs=nano.specs -mfpu=fpv4-sp-d16 -mfloat-abi=hard -mthumb -o "Core/Src/main.o"
In file included from ../Core/Src/main.c:21:
../Core/Inc/main.h:58:13: warning: 'restartTimCustom' declared 'static' but never defined [-Wunused-function]
   58 | static void restartTimCustom(void);
      |             ^~~~~~~~~~~~~~~~
../Core/Src/main.c:90:13: warning: 'stopSleep' defined but not used [-Wunused-function]
   90 | static void stopSleep(void)
      |             ^~~~~~~~~
../Core/Src/main.c:78:13: warning: 'startSleep' defined but not used [-Wunused-function]
   78 | static void startSleep(void)
      |             ^~~~~~~~~~
../Core/Src/main.c:70:13: warning: 'goSleep' defined but not used [-Wunused-function]
   70 | static void goSleep(void)
      |             ^~~~~~~
../STM32_WPAN/App/app_ble.c: In function 'SVCCTL_App_Notification':
../STM32_WPAN/App/app_ble.c:367:12: warning: variable 'numeric_value' set but not used [-Wunused-but-set-variable]
  367 |   uint32_t numeric_value;
      |            ^~~~~~~~~~~~~
../STM32_WPAN/App/app_ble.c:366:39: warning: variable 'pairing_complete' set but not used [-Wunused-but-set-variable]
  366 |   aci_gap_pairing_complete_event_rp0 *pairing_complete;
      |                                       ^~~~~~~~~~~~~~~~
In file included from ../STM32_WPAN/App/app_ble.c:23:
../STM32_WPAN/App/app_ble.c: At top level:
../Core/Inc/main.h:58:13: warning: 'restartTimCustom' declared 'static' but never defined [-Wunused-function]
   58 | static void restartTimCustom(void);
      |             ^~~~~~~~~~~~~~~~
arm-none-eabi-g++ -o "temp.elf" @"objects.list"   -mcpu=cortex-m4 -T"C:\Users\dima8\Desktop\teamplate\temp\STM32WB55RGVX_FLASH.ld" --specs=nosys.specs -Wl,-Map="temp.map" -Wl,--gc-sections -static --specs=nano.specs -mfpu=fpv4-sp-d16 -mfloat-abi=hard -mthumb -Wl,--start-group -lc -lm -lstdc++ -lsupc++ -Wl,--end-group
Finished building target: temp.elf
 
arm-none-eabi-objdump -h -S  temp.elf  > "temp.list"
arm-none-eabi-objcopy  -O binary  temp.elf  "temp.bin"
arm-none-eabi-size   temp.elf 
   text	   data	    bss	    dec	    hex	filename
  24676	    181	   2360	  27217	   6a51	temp.elf
Finished building: default.size.stdout
 
Finished building: temp.bin
 
Finished building: temp.list
 
01:34:00 **** Incremental Build of configuration Debug for project temp ****
make -j8 all 
arm-none-eabi-size   temp.elf 
   text	   data	    bss	    dec	    hex	filename
  24676	    181	   2360	  27217	   6a51	temp.elf
Finished building: default.size.stdout
 
01:35:45 **** Incremental Build of configuration Debug for project temp ****
make -j8 all 
arm-none-eabi-gcc "../Core/Src/app_entry.c" -mcpu=cortex-m4 -std=gnu11 -g3 -DDEBUG -DUSE_HAL_DRIVER -DSTM32WB55xx -c -I../Core/Inc -I../Drivers/STM32WBxx_HAL_Driver/Inc -I../Drivers/STM32WBxx_HAL_Driver/Inc/Legacy -I../Drivers/CMSIS/Device/ST/STM32WBxx/Include -I../Drivers/CMSIS/Include -I../STM32_WPAN/App -I../Utilities/lpm/tiny_lpm -I../Middlewares/ST/STM32_WPAN -I../Middlewares/ST/STM32_WPAN/interface/patterns/ble_thread -I../Middlewares/ST/STM32_WPAN/interface/patterns/ble_thread/tl -I../Middlewares/ST/STM32_WPAN/interface/patterns/ble_thread/shci -I../Middlewares/ST/STM32_WPAN/utilities -I../Middlewares/ST/STM32_WPAN/ble/core -I../Middlewares/ST/STM32_WPAN/ble/core/auto -I../Middlewares/ST/STM32_WPAN/ble/core/template -I../Middlewares/ST/STM32_WPAN/ble/svc/Inc -I../Middlewares/ST/STM32_WPAN/ble/svc/Src -I../Utilities/sequencer -I../Middlewares/ST/STM32_WPAN/ble -O0 -ffunction-sections -fdata-sections -Wall -fstack-usage -MMD -MP -MF"Core/Src/app_entry.d" -MT"Core/Src/app_entry.o" --specs=nano.specs -mfpu=fpv4-sp-d16 -mfloat-abi=hard -mthumb -o "Core/Src/app_entry.o"
arm-none-eabi-gcc "../Core/Src/main.c" -mcpu=cortex-m4 -std=gnu11 -g3 -DDEBUG -DUSE_HAL_DRIVER -DSTM32WB55xx -c -I../Core/Inc -I../Drivers/STM32WBxx_HAL_Driver/Inc -I../Drivers/STM32WBxx_HAL_Driver/Inc/Legacy -I../Drivers/CMSIS/Device/ST/STM32WBxx/Include -I../Drivers/CMSIS/Include -I../STM32_WPAN/App -I../Utilities/lpm/tiny_lpm -I../Middlewares/ST/STM32_WPAN -I../Middlewares/ST/STM32_WPAN/interface/patterns/ble_thread -I../Middlewares/ST/STM32_WPAN/interface/patterns/ble_thread/tl -I../Middlewares/ST/STM32_WPAN/interface/patterns/ble_thread/shci -I../Middlewares/ST/STM32_WPAN/utilities -I../Middlewares/ST/STM32_WPAN/ble/core -I../Middlewares/ST/STM32_WPAN/ble/core/auto -I../Middlewares/ST/STM32_WPAN/ble/core/template -I../Middlewares/ST/STM32_WPAN/ble/svc/Inc -I../Middlewares/ST/STM32_WPAN/ble/svc/Src -I../Utilities/sequencer -I../Middlewares/ST/STM32_WPAN/ble -O0 -ffunction-sections -fdata-sections -Wall -fstack-usage -MMD -MP -MF"Core/Src/main.d" -MT"Core/Src/main.o" --specs=nano.specs -mfpu=fpv4-sp-d16 -mfloat-abi=hard -mthumb -o "Core/Src/main.o"
In file included from ../Core/Src/main.c:21:
../Core/Inc/main.h:58:13: warning: 'restartTimCustom' declared 'static' but never defined [-Wunused-function]
   58 | static void restartTimCustom(void);
      |             ^~~~~~~~~~~~~~~~
../Core/Src/main.c:90:13: warning: 'stopSleep' defined but not used [-Wunused-function]
   90 | static void stopSleep(void)
      |             ^~~~~~~~~
../Core/Src/main.c:70:13: warning: 'goSleep' defined but not used [-Wunused-function]
   70 | static void goSleep(void)
      |             ^~~~~~~
In file included from ../Core/Src/app_entry.c:23:
../Core/Inc/main.h:58:13: warning: 'restartTimCustom' declared 'static' but never defined [-Wunused-function]
   58 | static void restartTimCustom(void);
      |             ^~~~~~~~~~~~~~~~
arm-none-eabi-g++ -o "temp.elf" @"objects.list"   -mcpu=cortex-m4 -T"C:\Users\dima8\Desktop\teamplate\temp\STM32WB55RGVX_FLASH.ld" --specs=nosys.specs -Wl,-Map="temp.map" -Wl,--gc-sections -static --specs=nano.specs -mfpu=fpv4-sp-d16 -mfloat-abi=hard -mthumb -Wl,--start-group -lc -lm -lstdc++ -lsupc++ -Wl,--end-group
Finished building target: temp.elf
 
arm-none-eabi-objdump -h -S  temp.elf  > "temp.list"
arm-none-eabi-objcopy  -O binary  temp.elf  "temp.bin"
arm-none-eabi-size   temp.elf 
   text	   data	    bss	    dec	    hex	filename
  39744	    420	   5406	  45570	   b202	temp.elf
Finished building: default.size.stdout
 
Finished building: temp.bin
 
Finished building: temp.list
 
01:36:26 **** Incremental Build of configuration Debug for project temp ****
make -j8 all 
arm-none-eabi-gcc "../Core/Src/main.c" -mcpu=cortex-m4 -std=gnu11 -g3 -DDEBUG -DUSE_HAL_DRIVER -DSTM32WB55xx -c -I../Core/Inc -I../Drivers/STM32WBxx_HAL_Driver/Inc -I../Drivers/STM32WBxx_HAL_Driver/Inc/Legacy -I../Drivers/CMSIS/Device/ST/STM32WBxx/Include -I../Drivers/CMSIS/Include -I../STM32_WPAN/App -I../Utilities/lpm/tiny_lpm -I../Middlewares/ST/STM32_WPAN -I../Middlewares/ST/STM32_WPAN/interface/patterns/ble_thread -I../Middlewares/ST/STM32_WPAN/interface/patterns/ble_thread/tl -I../Middlewares/ST/STM32_WPAN/interface/patterns/ble_thread/shci -I../Middlewares/ST/STM32_WPAN/utilities -I../Middlewares/ST/STM32_WPAN/ble/core -I../Middlewares/ST/STM32_WPAN/ble/core/auto -I../Middlewares/ST/STM32_WPAN/ble/core/template -I../Middlewares/ST/STM32_WPAN/ble/svc/Inc -I../Middlewares/ST/STM32_WPAN/ble/svc/Src -I../Utilities/sequencer -I../Middlewares/ST/STM32_WPAN/ble -O0 -ffunction-sections -fdata-sections -Wall -fstack-usage -MMD -MP -MF"Core/Src/main.d" -MT"Core/Src/main.o" --specs=nano.specs -mfpu=fpv4-sp-d16 -mfloat-abi=hard -mthumb -o "Core/Src/main.o"
In file included from ../Core/Src/main.c:21:
../Core/Inc/main.h:58:13: warning: 'restartTimCustom' declared 'static' but never defined [-Wunused-function]
   58 | static void restartTimCustom(void);
      |             ^~~~~~~~~~~~~~~~
../Core/Src/main.c:90:13: warning: 'stopSleep' defined but not used [-Wunused-function]
   90 | static void stopSleep(void)
      |             ^~~~~~~~~
../Core/Src/main.c:78:13: warning: 'startSleep' defined but not used [-Wunused-function]
   78 | static void startSleep(void)
      |             ^~~~~~~~~~
../Core/Src/main.c:70:13: warning: 'goSleep' defined but not used [-Wunused-function]
   70 | static void goSleep(void)
      |             ^~~~~~~
arm-none-eabi-g++ -o "temp.elf" @"objects.list"   -mcpu=cortex-m4 -T"C:\Users\dima8\Desktop\teamplate\temp\STM32WB55RGVX_FLASH.ld" --specs=nosys.specs -Wl,-Map="temp.map" -Wl,--gc-sections -static --specs=nano.specs -mfpu=fpv4-sp-d16 -mfloat-abi=hard -mthumb -Wl,--start-group -lc -lm -lstdc++ -lsupc++ -Wl,--end-group
Finished building target: temp.elf
 
arm-none-eabi-objdump -h -S  temp.elf  > "temp.list"
arm-none-eabi-objcopy  -O binary  temp.elf  "temp.bin"
arm-none-eabi-size   temp.elf 
   text	   data	    bss	    dec	    hex	filename
  24676	    181	   2360	  27217	   6a51	temp.elf
Finished building: default.size.stdout
 
Finished building: temp.bin
 
Finished building: temp.list
 
01:36:52 **** Incremental Build of configuration Debug for project temp ****
make -j8 all 
arm-none-eabi-gcc "../Core/Src/main.c" -mcpu=cortex-m4 -std=gnu11 -g3 -DDEBUG -DUSE_HAL_DRIVER -DSTM32WB55xx -c -I../Core/Inc -I../Drivers/STM32WBxx_HAL_Driver/Inc -I../Drivers/STM32WBxx_HAL_Driver/Inc/Legacy -I../Drivers/CMSIS/Device/ST/STM32WBxx/Include -I../Drivers/CMSIS/Include -I../STM32_WPAN/App -I../Utilities/lpm/tiny_lpm -I../Middlewares/ST/STM32_WPAN -I../Middlewares/ST/STM32_WPAN/interface/patterns/ble_thread -I../Middlewares/ST/STM32_WPAN/interface/patterns/ble_thread/tl -I../Middlewares/ST/STM32_WPAN/interface/patterns/ble_thread/shci -I../Middlewares/ST/STM32_WPAN/utilities -I../Middlewares/ST/STM32_WPAN/ble/core -I../Middlewares/ST/STM32_WPAN/ble/core/auto -I../Middlewares/ST/STM32_WPAN/ble/core/template -I../Middlewares/ST/STM32_WPAN/ble/svc/Inc -I../Middlewares/ST/STM32_WPAN/ble/svc/Src -I../Utilities/sequencer -I../Middlewares/ST/STM32_WPAN/ble -O0 -ffunction-sections -fdata-sections -Wall -fstack-usage -MMD -MP -MF"Core/Src/main.d" -MT"Core/Src/main.o" --specs=nano.specs -mfpu=fpv4-sp-d16 -mfloat-abi=hard -mthumb -o "Core/Src/main.o"
In file included from ../Core/Src/main.c:21:
../Core/Inc/main.h:58:13: warning: 'restartTimCustom' declared 'static' but never defined [-Wunused-function]
   58 | static void restartTimCustom(void);
      |             ^~~~~~~~~~~~~~~~
../Core/Src/main.c:90:13: warning: 'stopSleep' defined but not used [-Wunused-function]
   90 | static void stopSleep(void)
      |             ^~~~~~~~~
../Core/Src/main.c:78:13: warning: 'startSleep' defined but not used [-Wunused-function]
   78 | static void startSleep(void)
      |             ^~~~~~~~~~
../Core/Src/main.c:70:13: warning: 'goSleep' defined but not used [-Wunused-function]
   70 | static void goSleep(void)
      |             ^~~~~~~
arm-none-eabi-g++ -o "temp.elf" @"objects.list"   -mcpu=cortex-m4 -T"C:\Users\dima8\Desktop\teamplate\temp\STM32WB55RGVX_FLASH.ld" --specs=nosys.specs -Wl,-Map="temp.map" -Wl,--gc-sections -static --specs=nano.specs -mfpu=fpv4-sp-d16 -mfloat-abi=hard -mthumb -Wl,--start-group -lc -lm -lstdc++ -lsupc++ -Wl,--end-group
Finished building target: temp.elf
 
arm-none-eabi-objdump -h -S  temp.elf  > "temp.list"
arm-none-eabi-objcopy  -O binary  temp.elf  "temp.bin"
arm-none-eabi-size   temp.elf 
   text	   data	    bss	    dec	    hex	filename
  39260	    420	   5406	  45086	   b01e	temp.elf
Finished building: default.size.stdout
 
Finished building: temp.bin
 
Finished building: temp.list
 
